
  .   ____          _            __ _ _
 /\\ / ___'_ __ _ _(_)_ __  __ _ \ \ \ \
( ( )\___ | '_ | '_| | '_ \/ _` | \ \ \ \
 \\/  ___)| |_)| | | | | || (_| |  ) ) ) )
  '  |____| .__|_| |_|_| |_\__, | / / / /
 =========|_|==============|___/=/_/_/_/
 :: Spring Boot ::        (v2.0.2.RELEASE)

2024-05-20 17:38:50.290  INFO 25323 --- [           main] c.c.d.p.ProviderSearchApplication        : Starting ProviderSearchApplication v0.0.1-SNAPSHOT on gsiewruk with PID 25323 (/opt/lab_sec_audit/dast/target/provider-search-0.0.1-SNAPSHOT.jar started by student in /opt/lab_sec_audit/dast)
2024-05-20 17:38:50.294  INFO 25323 --- [           main] c.c.d.p.ProviderSearchApplication        : No active profile set, falling back to default profiles: default
2024-05-20 17:38:50.479  INFO 25323 --- [           main] ConfigServletWebServerApplicationContext : Refreshing org.springframework.boot.web.servlet.context.AnnotationConfigServletWebServerApplicationContext@3ada9e37: startup date [Mon May 20 17:38:50 CEST 2024]; root of context hierarchy
2024-05-20 17:38:52.359  INFO 25323 --- [           main] trationDelegate$BeanPostProcessorChecker : Bean 'org.springframework.transaction.annotation.ProxyTransactionManagementConfiguration' of type [org.springframework.transaction.annotation.ProxyTransactionManagementConfiguration$$EnhancerBySpringCGLIB$$b9d874a1] is not eligible for getting processed by all BeanPostProcessors (for example: not eligible for auto-proxying)
2024-05-20 17:38:52.773  INFO 25323 --- [           main] o.s.b.w.embedded.tomcat.TomcatWebServer  : Tomcat initialized with port(s): 8080 (http)
2024-05-20 17:38:52.807  INFO 25323 --- [           main] o.apache.catalina.core.StandardService   : Starting service [Tomcat]
2024-05-20 17:38:52.807  INFO 25323 --- [           main] org.apache.catalina.core.StandardEngine  : Starting Servlet Engine: Apache Tomcat/8.5.31
2024-05-20 17:38:52.821  INFO 25323 --- [ost-startStop-1] o.a.catalina.core.AprLifecycleListener   : The APR based Apache Tomcat Native library which allows optimal performance in production environments was not found on the java.library.path: [/usr/java/packages/lib/amd64:/usr/lib64:/lib64:/lib:/usr/lib]
2024-05-20 17:38:52.905  INFO 25323 --- [ost-startStop-1] o.a.c.c.C.[Tomcat].[localhost].[/]       : Initializing Spring embedded WebApplicationContext
2024-05-20 17:38:52.905  INFO 25323 --- [ost-startStop-1] o.s.web.context.ContextLoader            : Root WebApplicationContext: initialization completed in 2436 ms
2024-05-20 17:38:53.122  INFO 25323 --- [ost-startStop-1] o.s.b.w.servlet.ServletRegistrationBean  : Servlet dispatcherServlet mapped to [/]
2024-05-20 17:38:53.124  INFO 25323 --- [ost-startStop-1] o.s.b.w.servlet.ServletRegistrationBean  : Servlet webServlet mapped to [/h2-console/*]
2024-05-20 17:38:53.128  INFO 25323 --- [ost-startStop-1] o.s.b.w.servlet.FilterRegistrationBean   : Mapping filter: 'characterEncodingFilter' to: [/*]
2024-05-20 17:38:53.128  INFO 25323 --- [ost-startStop-1] o.s.b.w.servlet.FilterRegistrationBean   : Mapping filter: 'hiddenHttpMethodFilter' to: [/*]
2024-05-20 17:38:53.128  INFO 25323 --- [ost-startStop-1] o.s.b.w.servlet.FilterRegistrationBean   : Mapping filter: 'httpPutFormContentFilter' to: [/*]
2024-05-20 17:38:53.128  INFO 25323 --- [ost-startStop-1] o.s.b.w.servlet.FilterRegistrationBean   : Mapping filter: 'requestContextFilter' to: [/*]
2024-05-20 17:38:53.245  INFO 25323 --- [           main] com.zaxxer.hikari.HikariDataSource       : HikariPool-1 - Starting...
2024-05-20 17:38:53.607  INFO 25323 --- [           main] com.zaxxer.hikari.HikariDataSource       : HikariPool-1 - Start completed.
2024-05-20 17:38:53.642  INFO 25323 --- [           main] o.s.jdbc.datasource.init.ScriptUtils     : Executing SQL script from URL [jar:file:/opt/lab_sec_audit/dast/target/provider-search-0.0.1-SNAPSHOT.jar!/BOOT-INF/classes!/schema.sql]
2024-05-20 17:38:53.661  INFO 25323 --- [           main] o.s.jdbc.datasource.init.ScriptUtils     : Executed SQL script from URL [jar:file:/opt/lab_sec_audit/dast/target/provider-search-0.0.1-SNAPSHOT.jar!/BOOT-INF/classes!/schema.sql] in 19 ms.
2024-05-20 17:38:53.663  INFO 25323 --- [           main] o.s.jdbc.datasource.init.ScriptUtils     : Executing SQL script from URL [jar:file:/opt/lab_sec_audit/dast/target/provider-search-0.0.1-SNAPSHOT.jar!/BOOT-INF/classes!/data.sql]
2024-05-20 17:38:53.667  INFO 25323 --- [           main] o.s.jdbc.datasource.init.ScriptUtils     : Executed SQL script from URL [jar:file:/opt/lab_sec_audit/dast/target/provider-search-0.0.1-SNAPSHOT.jar!/BOOT-INF/classes!/data.sql] in 4 ms.
2024-05-20 17:38:53.803  INFO 25323 --- [           main] j.LocalContainerEntityManagerFactoryBean : Building JPA container EntityManagerFactory for persistence unit 'default'
2024-05-20 17:38:53.827  INFO 25323 --- [           main] o.hibernate.jpa.internal.util.LogHelper  : HHH000204: Processing PersistenceUnitInfo [
	name: default
	...]
2024-05-20 17:38:53.943  INFO 25323 --- [           main] org.hibernate.Version                    : HHH000412: Hibernate Core {5.2.17.Final}
2024-05-20 17:38:53.945  INFO 25323 --- [           main] org.hibernate.cfg.Environment            : HHH000206: hibernate.properties not found
2024-05-20 17:38:54.007  INFO 25323 --- [           main] o.hibernate.annotations.common.Version   : HCANN000001: Hibernate Commons Annotations {5.0.1.Final}
2024-05-20 17:38:54.368  INFO 25323 --- [           main] org.hibernate.dialect.Dialect            : HHH000400: Using dialect: org.hibernate.dialect.H2Dialect
2024-05-20 17:38:54.751  INFO 25323 --- [           main] o.h.t.schema.internal.SchemaCreatorImpl  : HHH000476: Executing import script 'org.hibernate.tool.schema.internal.exec.ScriptSourceInputNonExistentImpl@117e949d'
2024-05-20 17:38:54.756  INFO 25323 --- [           main] j.LocalContainerEntityManagerFactoryBean : Initialized JPA EntityManagerFactory for persistence unit 'default'
2024-05-20 17:38:54.905  INFO 25323 --- [           main] o.s.w.s.handler.SimpleUrlHandlerMapping  : Mapped URL path [/**/favicon.ico] onto handler of type [class org.springframework.web.servlet.resource.ResourceHttpRequestHandler]
2024-05-20 17:38:55.272  INFO 25323 --- [           main] s.w.s.m.m.a.RequestMappingHandlerAdapter : Looking for @ControllerAdvice: org.springframework.boot.web.servlet.context.AnnotationConfigServletWebServerApplicationContext@3ada9e37: startup date [Mon May 20 17:38:50 CEST 2024]; root of context hierarchy
2024-05-20 17:38:55.330  WARN 25323 --- [           main] aWebConfiguration$JpaWebMvcConfiguration : spring.jpa.open-in-view is enabled by default. Therefore, database queries may be performed during view rendering. Explicitly configure spring.jpa.open-in-view to disable this warning
2024-05-20 17:38:55.378  INFO 25323 --- [           main] s.w.s.m.m.a.RequestMappingHandlerMapping : Mapped "{[/],methods=[GET]}" onto public java.lang.String com.contrastsecurity.demo.providersearch.ProviderController.index(org.springframework.ui.Model)
2024-05-20 17:38:55.379  INFO 25323 --- [           main] s.w.s.m.m.a.RequestMappingHandlerMapping : Mapped "{[/],methods=[POST]}" onto public java.lang.String com.contrastsecurity.demo.providersearch.ProviderController.search(java.util.Map<java.lang.String, java.lang.String>,org.springframework.ui.Model)
2024-05-20 17:38:55.382  INFO 25323 --- [           main] s.w.s.m.m.a.RequestMappingHandlerMapping : Mapped "{[/error],produces=[text/html]}" onto public org.springframework.web.servlet.ModelAndView org.springframework.boot.autoconfigure.web.servlet.error.BasicErrorController.errorHtml(javax.servlet.http.HttpServletRequest,javax.servlet.http.HttpServletResponse)
2024-05-20 17:38:55.383  INFO 25323 --- [           main] s.w.s.m.m.a.RequestMappingHandlerMapping : Mapped "{[/error]}" onto public org.springframework.http.ResponseEntity<java.util.Map<java.lang.String, java.lang.Object>> org.springframework.boot.autoconfigure.web.servlet.error.BasicErrorController.error(javax.servlet.http.HttpServletRequest)
2024-05-20 17:38:55.421  INFO 25323 --- [           main] o.s.w.s.handler.SimpleUrlHandlerMapping  : Mapped URL path [/webjars/**] onto handler of type [class org.springframework.web.servlet.resource.ResourceHttpRequestHandler]
2024-05-20 17:38:55.421  INFO 25323 --- [           main] o.s.w.s.handler.SimpleUrlHandlerMapping  : Mapped URL path [/**] onto handler of type [class org.springframework.web.servlet.resource.ResourceHttpRequestHandler]
2024-05-20 17:38:55.558  INFO 25323 --- [           main] o.s.b.a.w.s.WelcomePageHandlerMapping    : Adding welcome page template: index
2024-05-20 17:38:55.831  INFO 25323 --- [           main] o.s.j.e.a.AnnotationMBeanExporter        : Registering beans for JMX exposure on startup
2024-05-20 17:38:55.833  INFO 25323 --- [           main] o.s.j.e.a.AnnotationMBeanExporter        : Bean with name 'dataSource' has been autodetected for JMX exposure
2024-05-20 17:38:55.839  INFO 25323 --- [           main] o.s.j.e.a.AnnotationMBeanExporter        : Located MBean 'dataSource': registering with JMX server as MBean [com.zaxxer.hikari:name=dataSource,type=HikariDataSource]
2024-05-20 17:38:55.878  INFO 25323 --- [           main] o.s.b.w.embedded.tomcat.TomcatWebServer  : Tomcat started on port(s): 8080 (http) with context path ''
2024-05-20 17:38:55.901  INFO 25323 --- [           main] c.c.d.p.ProviderSearchApplication        : Started ProviderSearchApplication in 6.398 seconds (JVM running for 7.073)
